{"/mnt/c/Springboard/Node/Postgres_with_Node/express-biztime/app.js": {"path":"/mnt/c/Springboard/Node/Postgres_with_Node/express-biztime/app.js","statementMap":{"0":{"start":{"line":4,"column":16},"end":{"line":4,"column":34}},"1":{"start":{"line":5,"column":21},"end":{"line":5,"column":46}},"2":{"start":{"line":8,"column":24},"end":{"line":8,"column":53}},"3":{"start":{"line":9,"column":23},"end":{"line":9,"column":51}},"4":{"start":{"line":11,"column":12},"end":{"line":11,"column":21}},"5":{"start":{"line":12,"column":0},"end":{"line":12,"column":24}},"6":{"start":{"line":14,"column":0},"end":{"line":14,"column":39}},"7":{"start":{"line":15,"column":0},"end":{"line":15,"column":37}},"8":{"start":{"line":16,"column":0},"end":{"line":16,"column":58}},"9":{"start":{"line":16,"column":38},"end":{"line":16,"column":57}},"10":{"start":{"line":25,"column":0},"end":{"line":28,"column":3}},"11":{"start":{"line":26,"column":14},"end":{"line":26,"column":48}},"12":{"start":{"line":27,"column":2},"end":{"line":27,"column":19}},"13":{"start":{"line":32,"column":0},"end":{"line":39,"column":3}},"14":{"start":{"line":33,"column":2},"end":{"line":33,"column":32}},"15":{"start":{"line":35,"column":2},"end":{"line":38,"column":5}},"16":{"start":{"line":42,"column":0},"end":{"line":42,"column":21}}},"fnMap":{"0":{"name":"(anonymous_0)","decl":{"start":{"line":16,"column":24},"end":{"line":16,"column":25}},"loc":{"start":{"line":16,"column":38},"end":{"line":16,"column":57}},"line":16},"1":{"name":"(anonymous_1)","decl":{"start":{"line":25,"column":8},"end":{"line":25,"column":9}},"loc":{"start":{"line":25,"column":33},"end":{"line":28,"column":1}},"line":25},"2":{"name":"(anonymous_2)","decl":{"start":{"line":32,"column":8},"end":{"line":32,"column":9}},"loc":{"start":{"line":32,"column":33},"end":{"line":39,"column":1}},"line":32}},"branchMap":{"0":{"loc":{"start":{"line":33,"column":13},"end":{"line":33,"column":30}},"type":"binary-expr","locations":[{"start":{"line":33,"column":13},"end":{"line":33,"column":23}},{"start":{"line":33,"column":27},"end":{"line":33,"column":30}}],"line":33}},"s":{"0":1,"1":1,"2":1,"3":1,"4":1,"5":1,"6":1,"7":1,"8":1,"9":0,"10":1,"11":0,"12":0,"13":1,"14":2,"15":2,"16":1},"f":{"0":0,"1":0,"2":2},"b":{"0":[2,2]},"_coverageSchema":"1a1c01bbd47fc00a2c39e90264f33305004495a9","hash":"07804ea8265ff1ef33e49f620e233fd7d68a72da"}
,"/mnt/c/Springboard/Node/Postgres_with_Node/express-biztime/db.js": {"path":"/mnt/c/Springboard/Node/Postgres_with_Node/express-biztime/db.js","statementMap":{"0":{"start":{"line":2,"column":19},"end":{"line":2,"column":32}},"1":{"start":{"line":6,"column":0},"end":{"line":10,"column":3}},"2":{"start":{"line":7,"column":4},"end":{"line":7,"column":42}},"3":{"start":{"line":9,"column":4},"end":{"line":9,"column":37}},"4":{"start":{"line":12,"column":11},"end":{"line":14,"column":4}},"5":{"start":{"line":16,"column":2},"end":{"line":16,"column":15}},"6":{"start":{"line":18,"column":2},"end":{"line":18,"column":22}}},"fnMap":{},"branchMap":{"0":{"loc":{"start":{"line":6,"column":0},"end":{"line":10,"column":3}},"type":"if","locations":[{"start":{"line":6,"column":0},"end":{"line":10,"column":3}},{"start":{"line":8,"column":9},"end":{"line":10,"column":3}}],"line":6}},"s":{"0":1,"1":1,"2":1,"3":0,"4":1,"5":1,"6":1},"f":{},"b":{"0":[1,0]},"_coverageSchema":"1a1c01bbd47fc00a2c39e90264f33305004495a9","hash":"f5d18ba5daaeb93dc2d136841e2b6523136063e9"}
,"/mnt/c/Springboard/Node/Postgres_with_Node/express-biztime/expressError.js": {"path":"/mnt/c/Springboard/Node/Postgres_with_Node/express-biztime/expressError.js","statementMap":{"0":{"start":{"line":9,"column":4},"end":{"line":9,"column":12}},"1":{"start":{"line":10,"column":4},"end":{"line":10,"column":27}},"2":{"start":{"line":11,"column":4},"end":{"line":11,"column":25}},"3":{"start":{"line":17,"column":0},"end":{"line":17,"column":30}}},"fnMap":{"0":{"name":"(anonymous_0)","decl":{"start":{"line":8,"column":2},"end":{"line":8,"column":3}},"loc":{"start":{"line":8,"column":31},"end":{"line":13,"column":3}},"line":8}},"branchMap":{},"s":{"0":0,"1":0,"2":0,"3":1},"f":{"0":0},"b":{},"_coverageSchema":"1a1c01bbd47fc00a2c39e90264f33305004495a9","hash":"f73e4c0f5fd5a15f713532d76d03c1956f16014a"}
,"/mnt/c/Springboard/Node/Postgres_with_Node/express-biztime/test-common.js": {"path":"/mnt/c/Springboard/Node/Postgres_with_Node/express-biztime/test-common.js","statementMap":{"0":{"start":{"line":3,"column":11},"end":{"line":3,"column":26}},"1":{"start":{"line":6,"column":4},"end":{"line":6,"column":43}},"2":{"start":{"line":7,"column":4},"end":{"line":7,"column":44}},"3":{"start":{"line":8,"column":4},"end":{"line":8,"column":65}},"4":{"start":{"line":11,"column":4},"end":{"line":11,"column":202}},"5":{"start":{"line":13,"column":4},"end":{"line":13,"column":179}},"6":{"start":{"line":20,"column":0},"end":{"line":20,"column":32}}},"fnMap":{"0":{"name":"createData","decl":{"start":{"line":5,"column":15},"end":{"line":5,"column":25}},"loc":{"start":{"line":5,"column":28},"end":{"line":15,"column":1}},"line":5}},"branchMap":{},"s":{"0":1,"1":7,"2":7,"3":7,"4":7,"5":7,"6":1},"f":{"0":7},"b":{},"_coverageSchema":"1a1c01bbd47fc00a2c39e90264f33305004495a9","hash":"a1daf4c32da39b3ab6fcbbbeac9793a8e0975cca"}
,"/mnt/c/Springboard/Node/Postgres_with_Node/express-biztime/routes/companies.js": {"path":"/mnt/c/Springboard/Node/Postgres_with_Node/express-biztime/routes/companies.js","statementMap":{"0":{"start":{"line":1,"column":16},"end":{"line":1,"column":34}},"1":{"start":{"line":2,"column":21},"end":{"line":2,"column":47}},"2":{"start":{"line":3,"column":15},"end":{"line":3,"column":31}},"3":{"start":{"line":4,"column":11},"end":{"line":4,"column":27}},"4":{"start":{"line":6,"column":0},"end":{"line":13,"column":4}},"5":{"start":{"line":7,"column":4},"end":{"line":12,"column":5}},"6":{"start":{"line":8,"column":22},"end":{"line":8,"column":72}},"7":{"start":{"line":9,"column":6},"end":{"line":9,"column":50}},"8":{"start":{"line":11,"column":6},"end":{"line":11,"column":21}},"9":{"start":{"line":16,"column":0},"end":{"line":42,"column":4}},"10":{"start":{"line":17,"column":4},"end":{"line":41,"column":5}},"11":{"start":{"line":18,"column":23},"end":{"line":18,"column":33}},"12":{"start":{"line":19,"column":21},"end":{"line":23,"column":11}},"13":{"start":{"line":25,"column":21},"end":{"line":28,"column":7}},"14":{"start":{"line":30,"column":6},"end":{"line":32,"column":7}},"15":{"start":{"line":31,"column":8},"end":{"line":31,"column":84}},"16":{"start":{"line":33,"column":23},"end":{"line":33,"column":37}},"17":{"start":{"line":34,"column":23},"end":{"line":34,"column":34}},"18":{"start":{"line":35,"column":6},"end":{"line":35,"column":53}},"19":{"start":{"line":35,"column":46},"end":{"line":35,"column":52}},"20":{"start":{"line":37,"column":4},"end":{"line":37,"column":42}},"21":{"start":{"line":40,"column":6},"end":{"line":40,"column":20}},"22":{"start":{"line":44,"column":0},"end":{"line":52,"column":4}},"23":{"start":{"line":45,"column":4},"end":{"line":51,"column":5}},"24":{"start":{"line":46,"column":42},"end":{"line":46,"column":50}},"25":{"start":{"line":47,"column":22},"end":{"line":47,"column":168}},"26":{"start":{"line":48,"column":6},"end":{"line":48,"column":63}},"27":{"start":{"line":50,"column":6},"end":{"line":50,"column":20}},"28":{"start":{"line":55,"column":0},"end":{"line":68,"column":4}},"29":{"start":{"line":56,"column":4},"end":{"line":67,"column":5}},"30":{"start":{"line":57,"column":23},"end":{"line":57,"column":33}},"31":{"start":{"line":58,"column":36},"end":{"line":58,"column":44}},"32":{"start":{"line":59,"column":22},"end":{"line":59,"column":159}},"33":{"start":{"line":60,"column":6},"end":{"line":63,"column":9}},"34":{"start":{"line":62,"column":8},"end":{"line":63,"column":8}},"35":{"start":{"line":64,"column":6},"end":{"line":64,"column":51}},"36":{"start":{"line":66,"column":6},"end":{"line":66,"column":20}},"37":{"start":{"line":70,"column":0},"end":{"line":82,"column":4}},"38":{"start":{"line":71,"column":4},"end":{"line":81,"column":5}},"39":{"start":{"line":72,"column":23},"end":{"line":72,"column":33}},"40":{"start":{"line":73,"column":21},"end":{"line":73,"column":97}},"41":{"start":{"line":74,"column":6},"end":{"line":78,"column":7}},"42":{"start":{"line":75,"column":8},"end":{"line":75,"column":63}},"43":{"start":{"line":77,"column":8},"end":{"line":77,"column":46}},"44":{"start":{"line":80,"column":6},"end":{"line":80,"column":20}},"45":{"start":{"line":85,"column":2},"end":{"line":85,"column":26}}},"fnMap":{"0":{"name":"(anonymous_0)","decl":{"start":{"line":6,"column":16},"end":{"line":6,"column":17}},"loc":{"start":{"line":6,"column":42},"end":{"line":13,"column":3}},"line":6},"1":{"name":"(anonymous_1)","decl":{"start":{"line":16,"column":21},"end":{"line":16,"column":22}},"loc":{"start":{"line":16,"column":47},"end":{"line":42,"column":3}},"line":16},"2":{"name":"(anonymous_2)","decl":{"start":{"line":35,"column":39},"end":{"line":35,"column":40}},"loc":{"start":{"line":35,"column":46},"end":{"line":35,"column":52}},"line":35},"3":{"name":"(anonymous_3)","decl":{"start":{"line":44,"column":17},"end":{"line":44,"column":18}},"loc":{"start":{"line":44,"column":43},"end":{"line":52,"column":3}},"line":44},"4":{"name":"(anonymous_4)","decl":{"start":{"line":55,"column":21},"end":{"line":55,"column":22}},"loc":{"start":{"line":55,"column":47},"end":{"line":68,"column":3}},"line":55},"5":{"name":"(anonymous_5)","decl":{"start":{"line":70,"column":24},"end":{"line":70,"column":25}},"loc":{"start":{"line":70,"column":50},"end":{"line":82,"column":3}},"line":70}},"branchMap":{"0":{"loc":{"start":{"line":30,"column":6},"end":{"line":32,"column":7}},"type":"if","locations":[{"start":{"line":30,"column":6},"end":{"line":32,"column":7}},{"start":{},"end":{}}],"line":30},"1":{"loc":{"start":{"line":60,"column":6},"end":{"line":63,"column":9}},"type":"if","locations":[{"start":{"line":60,"column":6},"end":{"line":63,"column":9}},{"start":{},"end":{}}],"line":60},"2":{"loc":{"start":{"line":74,"column":6},"end":{"line":78,"column":7}},"type":"if","locations":[{"start":{"line":74,"column":6},"end":{"line":78,"column":7}},{"start":{"line":76,"column":11},"end":{"line":78,"column":7}}],"line":74}},"s":{"0":1,"1":1,"2":1,"3":1,"4":1,"5":0,"6":0,"7":0,"8":0,"9":1,"10":0,"11":0,"12":0,"13":0,"14":0,"15":0,"16":0,"17":0,"18":0,"19":0,"20":0,"21":0,"22":1,"23":0,"24":0,"25":0,"26":0,"27":0,"28":1,"29":0,"30":0,"31":0,"32":0,"33":0,"34":0,"35":0,"36":0,"37":1,"38":0,"39":0,"40":0,"41":0,"42":0,"43":0,"44":0,"45":1},"f":{"0":0,"1":0,"2":0,"3":0,"4":0,"5":0},"b":{"0":[0,0],"1":[0,0],"2":[0,0]},"_coverageSchema":"1a1c01bbd47fc00a2c39e90264f33305004495a9","hash":"b11fef5c29954efefca9396fd1d19016765ea136"}
,"/mnt/c/Springboard/Node/Postgres_with_Node/express-biztime/routes/invoices.js": {"path":"/mnt/c/Springboard/Node/Postgres_with_Node/express-biztime/routes/invoices.js","statementMap":{"0":{"start":{"line":2,"column":16},"end":{"line":2,"column":34}},"1":{"start":{"line":3,"column":21},"end":{"line":3,"column":47}},"2":{"start":{"line":4,"column":15},"end":{"line":4,"column":31}},"3":{"start":{"line":5,"column":11},"end":{"line":5,"column":27}},"4":{"start":{"line":8,"column":0},"end":{"line":15,"column":4}},"5":{"start":{"line":9,"column":4},"end":{"line":14,"column":5}},"6":{"start":{"line":10,"column":22},"end":{"line":10,"column":86}},"7":{"start":{"line":11,"column":6},"end":{"line":11,"column":49}},"8":{"start":{"line":13,"column":6},"end":{"line":13,"column":21}},"9":{"start":{"line":18,"column":0},"end":{"line":57,"column":4}},"10":{"start":{"line":19,"column":4},"end":{"line":56,"column":5}},"11":{"start":{"line":20,"column":23},"end":{"line":20,"column":33}},"12":{"start":{"line":21,"column":23},"end":{"line":33,"column":11}},"13":{"start":{"line":35,"column":6},"end":{"line":37,"column":7}},"14":{"start":{"line":36,"column":8},"end":{"line":36,"column":80}},"15":{"start":{"line":39,"column":17},"end":{"line":39,"column":31}},"16":{"start":{"line":40,"column":20},"end":{"line":51,"column":11}},"17":{"start":{"line":53,"column":6},"end":{"line":53,"column":45}},"18":{"start":{"line":55,"column":6},"end":{"line":55,"column":20}},"19":{"start":{"line":59,"column":0},"end":{"line":69,"column":4}},"20":{"start":{"line":60,"column":4},"end":{"line":68,"column":5}},"21":{"start":{"line":61,"column":31},"end":{"line":61,"column":39}},"22":{"start":{"line":62,"column":21},"end":{"line":63,"column":140}},"23":{"start":{"line":65,"column":6},"end":{"line":65,"column":64}},"24":{"start":{"line":67,"column":6},"end":{"line":67,"column":20}},"25":{"start":{"line":72,"column":0},"end":{"line":85,"column":4}},"26":{"start":{"line":73,"column":4},"end":{"line":84,"column":5}},"27":{"start":{"line":74,"column":19},"end":{"line":74,"column":29}},"28":{"start":{"line":75,"column":6},"end":{"line":75,"column":28}},"29":{"start":{"line":76,"column":20},"end":{"line":76,"column":28}},"30":{"start":{"line":77,"column":21},"end":{"line":77,"column":144}},"31":{"start":{"line":78,"column":6},"end":{"line":80,"column":9}},"32":{"start":{"line":79,"column":8},"end":{"line":80,"column":8}},"33":{"start":{"line":81,"column":6},"end":{"line":81,"column":50}},"34":{"start":{"line":83,"column":6},"end":{"line":83,"column":20}},"35":{"start":{"line":87,"column":0},"end":{"line":101,"column":4}},"36":{"start":{"line":88,"column":4},"end":{"line":100,"column":5}},"37":{"start":{"line":89,"column":21},"end":{"line":89,"column":31}},"38":{"start":{"line":90,"column":21},"end":{"line":90,"column":79}},"39":{"start":{"line":91,"column":6},"end":{"line":91,"column":35}},"40":{"start":{"line":92,"column":21},"end":{"line":92,"column":79}},"41":{"start":{"line":93,"column":6},"end":{"line":93,"column":59}},"42":{"start":{"line":94,"column":6},"end":{"line":96,"column":9}},"43":{"start":{"line":95,"column":8},"end":{"line":96,"column":8}},"44":{"start":{"line":97,"column":6},"end":{"line":97,"column":44}},"45":{"start":{"line":99,"column":6},"end":{"line":99,"column":20}},"46":{"start":{"line":104,"column":2},"end":{"line":104,"column":26}}},"fnMap":{"0":{"name":"(anonymous_0)","decl":{"start":{"line":8,"column":16},"end":{"line":8,"column":17}},"loc":{"start":{"line":8,"column":42},"end":{"line":15,"column":3}},"line":8},"1":{"name":"(anonymous_1)","decl":{"start":{"line":18,"column":19},"end":{"line":18,"column":20}},"loc":{"start":{"line":18,"column":45},"end":{"line":57,"column":3}},"line":18},"2":{"name":"(anonymous_2)","decl":{"start":{"line":59,"column":17},"end":{"line":59,"column":18}},"loc":{"start":{"line":59,"column":43},"end":{"line":69,"column":3}},"line":59},"3":{"name":"(anonymous_3)","decl":{"start":{"line":72,"column":19},"end":{"line":72,"column":20}},"loc":{"start":{"line":72,"column":45},"end":{"line":85,"column":3}},"line":72},"4":{"name":"(anonymous_4)","decl":{"start":{"line":87,"column":22},"end":{"line":87,"column":23}},"loc":{"start":{"line":87,"column":48},"end":{"line":101,"column":3}},"line":87}},"branchMap":{"0":{"loc":{"start":{"line":35,"column":6},"end":{"line":37,"column":7}},"type":"if","locations":[{"start":{"line":35,"column":6},"end":{"line":37,"column":7}},{"start":{},"end":{}}],"line":35},"1":{"loc":{"start":{"line":78,"column":6},"end":{"line":80,"column":9}},"type":"if","locations":[{"start":{"line":78,"column":6},"end":{"line":80,"column":9}},{"start":{},"end":{}}],"line":78},"2":{"loc":{"start":{"line":94,"column":6},"end":{"line":96,"column":9}},"type":"if","locations":[{"start":{"line":94,"column":6},"end":{"line":96,"column":9}},{"start":{},"end":{}}],"line":94}},"s":{"0":1,"1":1,"2":1,"3":1,"4":1,"5":1,"6":1,"7":1,"8":0,"9":1,"10":2,"11":2,"12":2,"13":2,"14":1,"15":2,"16":2,"17":1,"18":1,"19":1,"20":1,"21":1,"22":1,"23":1,"24":0,"25":1,"26":1,"27":1,"28":1,"29":1,"30":1,"31":1,"32":0,"33":1,"34":0,"35":1,"36":2,"37":2,"38":2,"39":2,"40":2,"41":2,"42":2,"43":1,"44":2,"45":1,"46":1},"f":{"0":1,"1":2,"2":1,"3":1,"4":2},"b":{"0":[1,1],"1":[0,1],"2":[1,1]},"_coverageSchema":"1a1c01bbd47fc00a2c39e90264f33305004495a9","hash":"03ac2e3a0285c6d1f87485b97cdf781ce0c30593"}
}
